<?xml version="1.0" encoding="UTF-8"?>
<!-- Generated by org.testng.reporters.JUnitReportReporter -->
<testsuite hostname="LAPTOP-P51UDK63" failures="0" tests="10" name="_06_POM.LoginTestPOM" time="11.131" errors="0" timestamp="2024-03-29T00:49:35 CET" skipped="0">
  <testcase classname="_06_POM.LoginTestPOM" name="loginTest" time="0.420"/>
  <testcase classname="_06_POM.LoginTestPOM" name="loginTest" time="5.422"/>
  <testcase classname="_06_POM.LoginTestPOM" name="loginTest" time="0.334"/>
  <testcase classname="_06_POM.LoginTestPOM" name="loginTest" time="0.316"/>
  <testcase classname="_06_POM.LoginTestPOM" name="loginTest" time="2.974"/>
  <testcase classname="_06_POM.LoginTestPOM" name="loginTest" time="0.342"/>
  <testcase classname="_06_POM.LoginTestPOM" name="loginTest" time="0.334"/>
  <testcase classname="_06_POM.LoginTestPOM" name="loginTest" time="0.335"/>
  <testcase classname="_06_POM.LoginTestPOM" name="loginTest" time="0.350"/>
  <testcase classname="_06_POM.LoginTestPOM" name="loginTest" time="0.304"/>
</testsuite> <!-- _06_POM.LoginTestPOM -->
