<?xml version="1.0" encoding="UTF-8"?>
<!-- Generated by org.testng.reporters.JUnitReportReporter -->
<testsuite hostname="LAPTOP-P51UDK63" failures="0" tests="10" name="_06_POM.LoginTestPOM" time="10.948" errors="0" timestamp="2024-03-25T17:41:08 CET" skipped="0">
  <testcase classname="_06_POM.LoginTestPOM" name="loginTest" time="0.323"/>
  <testcase classname="_06_POM.LoginTestPOM" name="loginTest" time="0.344"/>
  <testcase classname="_06_POM.LoginTestPOM" name="loginTest" time="2.980"/>
  <testcase classname="_06_POM.LoginTestPOM" name="loginTest" time="0.295"/>
  <testcase classname="_06_POM.LoginTestPOM" name="loginTest" time="5.359"/>
  <testcase classname="_06_POM.LoginTestPOM" name="loginTest" time="0.343"/>
  <testcase classname="_06_POM.LoginTestPOM" name="loginTest" time="0.366"/>
  <testcase classname="_06_POM.LoginTestPOM" name="loginTest" time="0.353"/>
  <testcase classname="_06_POM.LoginTestPOM" name="loginTest" time="0.298"/>
  <testcase classname="_06_POM.LoginTestPOM" name="loginTest" time="0.287"/>
</testsuite> <!-- _06_POM.LoginTestPOM -->
